s:\my documents\university\semesters\labs\3rd semester\computer organization and assembly language\coal project\debug\project.exe
s:\my documents\university\semesters\labs\3rd semester\computer organization and assembly language\coal project\debug\project.ilk
s:\my documents\university\semesters\labs\3rd semester\computer organization and assembly language\coal project\debug\project.pdb
s:\my documents\university\semesters\labs\3rd semester\computer organization and assembly language\coal project\debug\project.obj
e:\new folder\debug\addtwo.obj
e:\new folder\debug\project.obj
e:\new folder\debug\project.ilk
e:\new folder\debug\project.pdb
e:\new folder\debug\project.exe
e:\new folder\debug\project.tlog\link.10164.delete.1.tlog
e:\new folder\debug\project.tlog\link.10312.delete.1.tlog
e:\new folder\debug\project.tlog\link.10636.delete.1.tlog
e:\new folder\debug\project.tlog\link.10656.delete.1.tlog
e:\new folder\debug\project.tlog\link.10760.delete.1.tlog
e:\new folder\debug\project.tlog\link.10800.delete.1.tlog
e:\new folder\debug\project.tlog\link.11056.delete.1.tlog
e:\new folder\debug\project.tlog\link.11060.delete.1.tlog
e:\new folder\debug\project.tlog\link.11360.delete.1.tlog
e:\new folder\debug\project.tlog\link.11456.delete.1.tlog
e:\new folder\debug\project.tlog\link.11596.delete.1.tlog
e:\new folder\debug\project.tlog\link.11956.delete.1.tlog
e:\new folder\debug\project.tlog\link.12076.delete.1.tlog
e:\new folder\debug\project.tlog\link.1212.delete.1.tlog
e:\new folder\debug\project.tlog\link.12140.delete.1.tlog
e:\new folder\debug\project.tlog\link.12348.delete.1.tlog
e:\new folder\debug\project.tlog\link.1236.delete.1.tlog
e:\new folder\debug\project.tlog\link.1240.delete.1.tlog
e:\new folder\debug\project.tlog\link.12520.delete.1.tlog
e:\new folder\debug\project.tlog\link.12732.delete.1.tlog
e:\new folder\debug\project.tlog\link.1284.delete.1.tlog
e:\new folder\debug\project.tlog\link.12924.delete.1.tlog
e:\new folder\debug\project.tlog\link.13180.delete.1.tlog
e:\new folder\debug\project.tlog\link.13216.delete.1.tlog
e:\new folder\debug\project.tlog\link.13432.delete.1.tlog
e:\new folder\debug\project.tlog\link.13456.delete.1.tlog
e:\new folder\debug\project.tlog\link.13664.delete.1.tlog
e:\new folder\debug\project.tlog\link.13704.delete.1.tlog
e:\new folder\debug\project.tlog\link.13772.delete.1.tlog
e:\new folder\debug\project.tlog\link.13860.delete.1.tlog
e:\new folder\debug\project.tlog\link.13884.delete.1.tlog
e:\new folder\debug\project.tlog\link.1392.delete.1.tlog
e:\new folder\debug\project.tlog\link.1396.delete.1.tlog
e:\new folder\debug\project.tlog\link.14092.delete.1.tlog
e:\new folder\debug\project.tlog\link.14120.delete.1.tlog
e:\new folder\debug\project.tlog\link.14292.delete.1.tlog
e:\new folder\debug\project.tlog\link.14832.delete.1.tlog
e:\new folder\debug\project.tlog\link.14880.delete.1.tlog
e:\new folder\debug\project.tlog\link.14952.delete.1.tlog
e:\new folder\debug\project.tlog\link.14988.delete.1.tlog
e:\new folder\debug\project.tlog\link.15004.delete.1.tlog
e:\new folder\debug\project.tlog\link.15188.delete.1.tlog
e:\new folder\debug\project.tlog\link.15400.delete.1.tlog
e:\new folder\debug\project.tlog\link.15404.delete.1.tlog
e:\new folder\debug\project.tlog\link.15744.delete.1.tlog
e:\new folder\debug\project.tlog\link.15796.delete.1.tlog
e:\new folder\debug\project.tlog\link.16000.delete.1.tlog
e:\new folder\debug\project.tlog\link.16024.delete.1.tlog
e:\new folder\debug\project.tlog\link.16076.delete.1.tlog
e:\new folder\debug\project.tlog\link.16128.delete.1.tlog
e:\new folder\debug\project.tlog\link.16484.delete.1.tlog
e:\new folder\debug\project.tlog\link.16632.delete.1.tlog
e:\new folder\debug\project.tlog\link.16668.delete.1.tlog
e:\new folder\debug\project.tlog\link.16744.delete.1.tlog
e:\new folder\debug\project.tlog\link.16752.delete.1.tlog
e:\new folder\debug\project.tlog\link.16956.delete.1.tlog
e:\new folder\debug\project.tlog\link.17148.delete.1.tlog
e:\new folder\debug\project.tlog\link.17264.delete.1.tlog
e:\new folder\debug\project.tlog\link.17356.delete.1.tlog
e:\new folder\debug\project.tlog\link.2392.delete.1.tlog
e:\new folder\debug\project.tlog\link.2476.delete.1.tlog
e:\new folder\debug\project.tlog\link.3868.delete.1.tlog
e:\new folder\debug\project.tlog\link.4080.delete.1.tlog
e:\new folder\debug\project.tlog\link.4376.delete.1.tlog
e:\new folder\debug\project.tlog\link.4628.delete.1.tlog
e:\new folder\debug\project.tlog\link.4692.delete.1.tlog
e:\new folder\debug\project.tlog\link.4996.delete.1.tlog
e:\new folder\debug\project.tlog\link.5112.delete.1.tlog
e:\new folder\debug\project.tlog\link.5272.delete.1.tlog
e:\new folder\debug\project.tlog\link.5352.delete.1.tlog
e:\new folder\debug\project.tlog\link.540.delete.1.tlog
e:\new folder\debug\project.tlog\link.560.delete.1.tlog
e:\new folder\debug\project.tlog\link.5656.delete.1.tlog
e:\new folder\debug\project.tlog\link.5796.delete.1.tlog
e:\new folder\debug\project.tlog\link.5808.delete.1.tlog
e:\new folder\debug\project.tlog\link.5872.delete.1.tlog
e:\new folder\debug\project.tlog\link.5916.delete.1.tlog
e:\new folder\debug\project.tlog\link.6420.delete.1.tlog
e:\new folder\debug\project.tlog\link.6468.delete.1.tlog
e:\new folder\debug\project.tlog\link.6528.delete.1.tlog
e:\new folder\debug\project.tlog\link.6548.delete.1.tlog
e:\new folder\debug\project.tlog\link.6872.delete.1.tlog
e:\new folder\debug\project.tlog\link.6956.delete.1.tlog
e:\new folder\debug\project.tlog\link.7036.delete.1.tlog
e:\new folder\debug\project.tlog\link.7152.delete.1.tlog
e:\new folder\debug\project.tlog\link.7492.delete.1.tlog
e:\new folder\debug\project.tlog\link.8024.delete.1.tlog
e:\new folder\debug\project.tlog\link.8096.delete.1.tlog
e:\new folder\debug\project.tlog\link.8104.delete.1.tlog
e:\new folder\debug\project.tlog\link.8156.delete.1.tlog
e:\new folder\debug\project.tlog\link.8516.delete.1.tlog
e:\new folder\debug\project.tlog\link.9336.delete.1.tlog
e:\new folder\debug\project.tlog\link.964.delete.1.tlog
e:\new folder\debug\project.tlog\link.command.1.tlog
e:\new folder\debug\project.tlog\link.delete.1.tlog
e:\new folder\debug\project.tlog\link.read.1.tlog
e:\new folder\debug\project.tlog\link.write.1.tlog
e:\new folder\debug\project.tlog\masm.read.1u.tlog
e:\new folder\debug\project.tlog\masm.write.1u.tlog
